#
# A fatal error has been detected by the Java Runtime Environment:
#
#  EXCEPTION_ACCESS_VIOLATION (0xc0000005) at pc=0x00007ffc5948f8b6, pid=15776, tid=12312
#
# JRE version: OpenJDK Runtime Environment (14.0.2+12) (build 14.0.2+12-46)
# Java VM: OpenJDK 64-Bit Server VM (14.0.2+12-46, mixed mode, sharing, tiered, compressed oops, g1 gc, windows-amd64)
# Problematic frame:
# C  [msvcrt.dll+0x4f8b6]
#
# No core dump will be written. Minidumps are not enabled by default on client versions of Windows
#
# If you would like to submit a bug report, please visit:
#   https://bugreport.java.com/bugreport/crash.jsp
# The crash happened outside the Java Virtual Machine in native code.
# See problematic frame for where to report the bug.
#

---------------  S U M M A R Y ------------

Command Line: -javaagent:C:\Users\Alexp\AppData\Local\JetBrains\Toolbox\apps\IDEA-U\ch-0\213.5744.223\lib\idea_rt.jar=50261:C:\Users\Alexp\AppData\Local\JetBrains\Toolbox\apps\IDEA-U\ch-0\213.5744.223\bin -Dfile.encoding=UTF-8 --module-path=C:\Users\Alexp\IdeaProjects\demo\KAO\target\classes;C:\Users\Alexp\.m2\repository\org\openjfx\javafx-base\14.0.2.1\javafx-base-14.0.2.1-win.jar;C:\Users\Alexp\.m2\repository\org\controlsfx\controlsfx\11.1.0\controlsfx-11.1.0.jar;C:\Users\Alexp\.m2\repository\org\openjfx\javafx-controls\14.0.2.1\javafx-controls-14.0.2.1-win.jar;C:\Users\Alexp\.m2\repository\org\openjfx\javafx-graphics\14.0.2.1\javafx-graphics-14.0.2.1-win.jar;C:\Users\Alexp\.m2\repository\com\dlsc\formsfx\formsfx-core\11.3.2\formsfx-core-11.3.2.jar;C:\Users\Alexp\.m2\repository\org\openjfx\javafx-fxml\14.0.2.1\javafx-fxml-14.0.2.1-win.jar;C:\Users\Alexp\.m2\repository\com\aparapi\aparapi\3.0.0\aparapi-3.0.0.jar;C:\Users\Alexp\.m2\repository\org\kordamp\bootstrapfx\bootstrapfx-core\0.4.0\bootstrapfx-core-0.4.0.jar -Djdk.module.main=kao.rgbhistogramm kao.rgbhistogramm/kao.matrixvektormultiplikation.MatrixVektor

Host: Intel(R) Core(TM) i7-9700K CPU @ 3.60GHz, 8 cores, 31G,  Windows 10 , 64 bit Build 19041 (10.0.19041.1466)
Time: Sat Jan 15 14:00:05 2022 Mitteleuropäische Zeit elapsed time: 3 seconds (0d 0h 0m 3s)

---------------  T H R E A D  ---------------

Current thread (0x000001c5bd1cd000):  JavaThread "main" [_thread_in_native, id=12312, stack(0x0000009f27800000,0x0000009f27900000)]

Stack: [0x0000009f27800000,0x0000009f27900000],  sp=0x0000009f278feb50,  free space=1018k
Native frames: (J=compiled Java code, j=interpreted, Vv=VM code, C=native code)
C  [msvcrt.dll+0x4f8b6]
C  [msvcrt.dll+0x475cb]
C  [libaparapi.dll+0x7cf9]

Java frames: (J=compiled Java code, j=interpreted, Vv=VM code)
j  com.aparapi.internal.jni.KernelRunnerJNI.runKernelJNI(JLcom/aparapi/Range;ZILjava/nio/ByteBuffer;Ljava/nio/ByteBuffer;)I+0 aparapi@3.0.0
j  com.aparapi.internal.kernel.KernelRunner.executeOpenCL(Lcom/aparapi/device/Device;Lcom/aparapi/internal/kernel/KernelRunner$ExecutionSettings;)Lcom/aparapi/Kernel;+96 aparapi@3.0.0
j  com.aparapi.internal.kernel.KernelRunner.executeInternalInner(Lcom/aparapi/internal/kernel/KernelRunner$ExecutionSettings;Lcom/aparapi/device/Device;Z)Lcom/aparapi/Kernel;+3592 aparapi@3.0.0
j  com.aparapi.internal.kernel.KernelRunner.executeInternalOuter(Lcom/aparapi/internal/kernel/KernelRunner$ExecutionSettings;)Lcom/aparapi/Kernel;+4 aparapi@3.0.0
j  com.aparapi.internal.kernel.KernelRunner.execute(Ljava/lang/String;Lcom/aparapi/Range;I)Lcom/aparapi/Kernel;+78 aparapi@3.0.0
j  com.aparapi.Kernel.execute(Ljava/lang/String;Lcom/aparapi/Range;I)Lcom/aparapi/Kernel;+7 aparapi@3.0.0
j  com.aparapi.Kernel.execute(Lcom/aparapi/Range;I)Lcom/aparapi/Kernel;+5 aparapi@3.0.0
j  com.aparapi.Kernel.execute(Lcom/aparapi/Range;)Lcom/aparapi/Kernel;+3 aparapi@3.0.0
j  kao.matrixvektormultiplikation.MatrixVektor.main([Ljava/lang/String;)V+71 kao.rgbhistogramm
v  ~StubRoutines::call_stub

siginfo: EXCEPTION_ACCESS_VIOLATION (0xc0000005), reading address 0x0000000000000001


Register to memory mapping:

RIP=0x00007ffc5948f8b6 msvcrt.dll
RAX=0x0000000000000001 is an unknown value
RBX=0x0000000000000001 is an unknown value
RCX=0x000000007ffffffe is an unknown value
RDX=0x0000000000000073 is an unknown value
RSP=0x0000009f278feb50 is pointing into the stack for thread: 0x000001c5bd1cd000
RBP=0x0000009f278fec50 is pointing into the stack for thread: 0x000001c5bd1cd000
RSI=0x000000006451f1b7 libaparapi.dll
RDI=0x0000000000000073 is an unknown value
R8 =0xffffffffffffffff is an unknown value
R9 =0x0000000000000007 is an unknown value
R10=0x0 is NULL
R11=0x0000000000000200 is an unknown value
R12=0x00000000ffffffff is an unknown value
R13=0x0000009f278feed0 is pointing into the stack for thread: 0x000001c5bd1cd000
R14=0x0000000000000061 is an unknown value
R15=0x0 is NULL


Registers:
RAX=0x0000000000000001, RBX=0x0000000000000001, RCX=0x000000007ffffffe, RDX=0x0000000000000073
RSP=0x0000009f278feb50, RBP=0x0000009f278fec50, RSI=0x000000006451f1b7, RDI=0x0000000000000073
R8 =0xffffffffffffffff, R9 =0x0000000000000007, R10=0x0000000000000000, R11=0x0000000000000200
R12=0x00000000ffffffff, R13=0x0000009f278feed0, R14=0x0000000000000061, R15=0x0000000000000000
RIP=0x00007ffc5948f8b6, EFLAGS=0x0000000000010202

Top of Stack: (sp=0x0000009f278feb50)
0x0000009f278feb50:   000001c5eebf8780 00000000ffffffaf
0x0000009f278feb60:   0000000000000051 0000000000000010
0x0000009f278feb70:   0000000000000004 000001c5bd2c0000
0x0000009f278feb80:   0000000000000002 00007ffc5a69b44d
0x0000009f278feb90:   000001c500000061 0000005100000000
0x0000009f278feba0:   0000000000000000 0000000700000000
0x0000009f278febb0:   0000000000000000 00007ffc594cfa60
0x0000009f278febc0:   000040b807240c79 0000000000000000
0x0000009f278febd0:   000000006451f1b7 0000009f278fee20
0x0000009f278febe0:   00007ffc594cf0a0 000001c5bd2c4340
0x0000009f278febf0:   000001c5bd2c1790 000001c5eebf8701
0x0000009f278fec00:   0000000064521fe0 00007ffc5a695ba1
0x0000009f278fec10:   00000022c0000027 0000000000000000
0x0000009f278fec20:   00007ffc57ef4f69 000001c500000004
0x0000009f278fec30:   000001c5eebf8710 0000009f278feeb0
0x0000009f278fec40:   0000000064507c42 0000000000000002 

Instructions: (pc=0x00007ffc5948f8b6)
0x00007ffc5948f7b6:   f7 c7 30 08 00 00 75 05 41 0f ba ef 0b 49 83 c5
0x00007ffc5948f7c6:   08 41 f7 c7 10 08 00 00 74 27 45 0f b7 4d f8 48
0x00007ffc5948f7d6:   8d 55 b0 4d 8b c3 48 8d 4c 24 4c e8 ba 64 fb ff
0x00007ffc5948f7e6:   45 33 d2 85 c0 74 19 c7 44 24 58 01 00 00 00 eb
0x00007ffc5948f7f6:   0f 41 8a 45 f8 88 45 b0 c7 44 24 4c 01 00 00 00
0x00007ffc5948f806:   48 8d 5d b0 e9 4a 03 00 00 c7 44 24 64 01 00 00
0x00007ffc5948f816:   00 40 80 c7 20 41 83 cf 40 48 8d 5d b0 45 8b f3
0x00007ffc5948f826:   45 85 e4 0f 89 34 02 00 00 41 bc 06 00 00 00 e9
0x00007ffc5948f836:   78 02 00 00 40 80 ff 67 7e db 40 80 ff 69 0f 84
0x00007ffc5948f846:   fb 00 00 00 40 80 ff 6e 0f 84 bd 00 00 00 40 80
0x00007ffc5948f856:   ff 6f 0f 84 a3 00 00 00 40 80 ff 70 74 69 40 80
0x00007ffc5948f866:   ff 73 0f 84 01 ff ff ff 40 80 ff 75 0f 84 d1 00
0x00007ffc5948f876:   00 00 40 80 ff 78 0f 85 d7 02 00 00 b8 27 00 00
0x00007ffc5948f886:   00 eb 54 ff c9 66 44 39 10 74 08 48 83 c0 02 85
0x00007ffc5948f896:   c9 75 f0 48 2b c3 48 d1 f8 eb 23 48 85 db 48 8d
0x00007ffc5948f8a6:   05 71 c7 02 00 48 0f 45 c3 48 8b d8 eb 0a ff c9
0x00007ffc5948f8b6:   44 38 10 74 07 48 ff c0 85 c9 75 f2 2b c3 89 44
0x00007ffc5948f8c6:   24 4c e9 8c 02 00 00 41 bc 10 00 00 00 41 0f ba
0x00007ffc5948f8d6:   ef 0f b8 07 00 00 00 89 44 24 60 45 84 ff 79 13
0x00007ffc5948f8e6:   04 51 c6 44 24 44 30 88 44 24 45 c7 44 24 48 02
0x00007ffc5948f8f6:   00 00 00 41 ba 10 00 00 00 eb 4e 41 ba 08 00 00
0x00007ffc5948f906:   00 45 84 ff 79 43 45 0b fb eb 3e 49 8b 7d 00 49
0x00007ffc5948f916:   83 c5 08 e8 36 fa ff ff 45 33 d2 85 c0 0f 84 b4
0x00007ffc5948f926:   05 00 00 41 f6 c7 20 74 06 66 44 89 37 eb 03 44
0x00007ffc5948f936:   89 37 c7 44 24 58 01 00 00 00 e9 59 03 00 00 41
0x00007ffc5948f946:   83 cf 40 41 ba 0a 00 00 00 49 83 c5 08 41 0f ba
0x00007ffc5948f956:   e7 0f 72 07 41 0f ba e7 0c 73 06 49 8b 45 f8 eb
0x00007ffc5948f966:   2c 41 8b c7 83 e0 40 41 f6 c7 20 74 12 85 c0 74
0x00007ffc5948f976:   07 49 0f bf 45 f8 eb 15 41 0f b7 45 f8 eb 0e 85
0x00007ffc5948f986:   c0 74 06 49 63 45 f8 eb 04 41 8b 45 f8 41 f6 c7
0x00007ffc5948f996:   40 74 0d 48 85 c0 79 08 48 f7 d8 41 0f ba ef 08
0x00007ffc5948f9a6:   41 f7 c7 00 90 00 00 44 8b c0 bf 00 02 00 00 4c 


Stack slot to memory mapping:
stack at sp + 0 slots: 0x000001c5eebf8780 points into unknown readable memory: 4b 65 72 6e 65 6c 20 6f
stack at sp + 1 slots: 0x00000000ffffffaf is an unknown value
stack at sp + 2 slots: 0x0000000000000051 is an unknown value
stack at sp + 3 slots: 0x0000000000000010 is an unknown value
stack at sp + 4 slots: 0x0000000000000004 is an unknown value
stack at sp + 5 slots: 0x000001c5bd2c0000 points into unknown readable memory: 00 00 00 00 00 00 00 00
stack at sp + 6 slots: 0x0000000000000002 is an unknown value
stack at sp + 7 slots: 0x00007ffc5a69b44d ntdll.dll


---------------  P R O C E S S  ---------------

Threads class SMR info:
_java_thread_list=0x000001c5ee0b4fc0, length=13, elements={
0x000001c5bd1cd000, 0x000001c5ec6b1000, 0x000001c5ec6b2000, 0x000001c5ecfe7000,
0x000001c5ecfea000, 0x000001c5ecfeb000, 0x000001c5ecfee000, 0x000001c5ecff3000,
0x000001c5ecff4800, 0x000001c5ecfdc800, 0x000001c5edd1a800, 0x000001c5ed7d5800,
0x000001c5ee0b4800
}

Java Threads: ( => current thread )
=>0x000001c5bd1cd000 JavaThread "main" [_thread_in_native, id=12312, stack(0x0000009f27800000,0x0000009f27900000)]
  0x000001c5ec6b1000 JavaThread "Reference Handler" daemon [_thread_blocked, id=17876, stack(0x0000009f27f00000,0x0000009f28000000)]
  0x000001c5ec6b2000 JavaThread "Finalizer" daemon [_thread_blocked, id=6064, stack(0x0000009f28000000,0x0000009f28100000)]
  0x000001c5ecfe7000 JavaThread "Signal Dispatcher" daemon [_thread_blocked, id=7684, stack(0x0000009f28100000,0x0000009f28200000)]
  0x000001c5ecfea000 JavaThread "Attach Listener" daemon [_thread_blocked, id=1660, stack(0x0000009f28200000,0x0000009f28300000)]
  0x000001c5ecfeb000 JavaThread "Service Thread" daemon [_thread_blocked, id=3020, stack(0x0000009f28300000,0x0000009f28400000)]
  0x000001c5ecfee000 JavaThread "C2 CompilerThread0" daemon [_thread_blocked, id=6424, stack(0x0000009f28400000,0x0000009f28500000)]
  0x000001c5ecff3000 JavaThread "C1 CompilerThread0" daemon [_thread_blocked, id=10940, stack(0x0000009f28500000,0x0000009f28600000)]
  0x000001c5ecff4800 JavaThread "Sweeper thread" daemon [_thread_blocked, id=10336, stack(0x0000009f28600000,0x0000009f28700000)]
  0x000001c5ecfdc800 JavaThread "Common-Cleaner" daemon [_thread_blocked, id=4416, stack(0x0000009f28700000,0x0000009f28800000)]
  0x000001c5edd1a800 JavaThread "Monitor Ctrl-Break" daemon [_thread_in_native, id=7040, stack(0x0000009f28a00000,0x0000009f28b00000)]
  0x000001c5ed7d5800 JavaThread "Notification Thread" daemon [_thread_blocked, id=11252, stack(0x0000009f28b00000,0x0000009f28c00000)]
  0x000001c5ee0b4800 JavaThread "C2 CompilerThread1" daemon [_thread_blocked, id=8464, stack(0x0000009f28900000,0x0000009f28a00000)]

Other Threads:
  0x000001c5ec6ab800 VMThread "VM Thread" [stack: 0x0000009f27e00000,0x0000009f27f00000] [id=5688]
  0x000001c5ed7d6800 WatcherThread [stack: 0x0000009f28c00000,0x0000009f28d00000] [id=17684]
  0x000001c5bd251000 GCTaskThread "GC Thread#0" [stack: 0x0000009f27900000,0x0000009f27a00000] [id=9968]
  0x000001c5edca6000 GCTaskThread "GC Thread#1" [stack: 0x0000009f28d00000,0x0000009f28e00000] [id=12876]
  0x000001c5edb41800 GCTaskThread "GC Thread#2" [stack: 0x0000009f28e00000,0x0000009f28f00000] [id=4824]
  0x000001c5edb42000 GCTaskThread "GC Thread#3" [stack: 0x0000009f28f00000,0x0000009f29000000] [id=4252]
  0x000001c5edc92000 GCTaskThread "GC Thread#4" [stack: 0x0000009f29000000,0x0000009f29100000] [id=1580]
  0x000001c5ed8de000 GCTaskThread "GC Thread#5" [stack: 0x0000009f29100000,0x0000009f29200000] [id=5588]
  0x000001c5eda0c800 GCTaskThread "GC Thread#6" [stack: 0x0000009f29200000,0x0000009f29300000] [id=2920]
  0x000001c5eda0b000 GCTaskThread "GC Thread#7" [stack: 0x0000009f29300000,0x0000009f29400000] [id=2344]
  0x000001c5bd273800 ConcurrentGCThread "G1 Main Marker" [stack: 0x0000009f27a00000,0x0000009f27b00000] [id=664]
  0x000001c5bd275800 ConcurrentGCThread "G1 Conc#0" [stack: 0x0000009f27b00000,0x0000009f27c00000] [id=5036]
  0x000001c5eda0d000 ConcurrentGCThread "G1 Conc#1" [stack: 0x0000009f29400000,0x0000009f29500000] [id=13164]
  0x000001c5ec636800 ConcurrentGCThread "G1 Refine#0" [stack: 0x0000009f27c00000,0x0000009f27d00000] [id=3848]
  0x000001c5ec637800 ConcurrentGCThread "G1 Young RemSet Sampling" [stack: 0x0000009f27d00000,0x0000009f27e00000] [id=6432]

Threads with active compile tasks:

VM state:not at safepoint (normal execution)

VM Mutex/Monitor currently owned by a thread: None

Heap address: 0x0000000601400000, size: 8172 MB, Compressed Oops mode: Zero based, Oop shift amount: 3
Narrow klass base: 0x0000000800000000, Narrow klass shift: 3
Compressed class space size: 1073741824 Address: 0x0000000800b30000

Heap:
 garbage-first heap   total 524288K, used 279946K [0x0000000601400000, 0x0000000800000000)
  region size 2048K, 10 young (20480K), 1 survivors (2048K)
 Metaspace       used 5911K, capacity 7238K, committed 7424K, reserved 1056768K
  class space    used 859K, capacity 994K, committed 1024K, reserved 1048576K
Heap Regions: E=young(eden), S=young(survivor), O=old, HS=humongous(starts), HC=humongous(continues), CS=collection set, F=free, OA=open archive, CA=closed archive, TAMS=top-at-mark-start (previous, next)
|   0|0x0000000601400000, 0x0000000601600000, 0x0000000601600000|100%|HS|  |TAMS 0x0000000601400000, 0x0000000601400000| Complete 
|   1|0x0000000601600000, 0x0000000601800000, 0x0000000601800000|100%|HC|  |TAMS 0x0000000601600000, 0x0000000601600000| Complete 
|   2|0x0000000601800000, 0x0000000601a00000, 0x0000000601a00000|100%|HC|  |TAMS 0x0000000601800000, 0x0000000601800000| Complete 
|   3|0x0000000601a00000, 0x0000000601c00000, 0x0000000601c00000|100%|HC|  |TAMS 0x0000000601a00000, 0x0000000601a00000| Complete 
|   4|0x0000000601c00000, 0x0000000601e00000, 0x0000000601e00000|100%|HC|  |TAMS 0x0000000601c00000, 0x0000000601c00000| Complete 
|   5|0x0000000601e00000, 0x0000000602000000, 0x0000000602000000|100%|HC|  |TAMS 0x0000000601e00000, 0x0000000601e00000| Complete 
|   6|0x0000000602000000, 0x0000000602200000, 0x0000000602200000|100%|HC|  |TAMS 0x0000000602000000, 0x0000000602000000| Complete 
|   7|0x0000000602200000, 0x0000000602400000, 0x0000000602400000|100%|HC|  |TAMS 0x0000000602200000, 0x0000000602200000| Complete 
|   8|0x0000000602400000, 0x0000000602600000, 0x0000000602600000|100%|HC|  |TAMS 0x0000000602400000, 0x0000000602400000| Complete 
|   9|0x0000000602600000, 0x0000000602800000, 0x0000000602800000|100%|HC|  |TAMS 0x0000000602600000, 0x0000000602600000| Complete 
|  10|0x0000000602800000, 0x0000000602a00000, 0x0000000602a00000|100%|HC|  |TAMS 0x0000000602800000, 0x0000000602800000| Complete 
|  11|0x0000000602a00000, 0x0000000602c00000, 0x0000000602c00000|100%|HC|  |TAMS 0x0000000602a00000, 0x0000000602a00000| Complete 
|  12|0x0000000602c00000, 0x0000000602e00000, 0x0000000602e00000|100%|HC|  |TAMS 0x0000000602c00000, 0x0000000602c00000| Complete 
|  13|0x0000000602e00000, 0x0000000603000000, 0x0000000603000000|100%|HC|  |TAMS 0x0000000602e00000, 0x0000000602e00000| Complete 
|  14|0x0000000603000000, 0x0000000603200000, 0x0000000603200000|100%|HC|  |TAMS 0x0000000603000000, 0x0000000603000000| Complete 
|  15|0x0000000603200000, 0x0000000603400000, 0x0000000603400000|100%|HC|  |TAMS 0x0000000603200000, 0x0000000603200000| Complete 
|  16|0x0000000603400000, 0x0000000603600000, 0x0000000603600000|100%|HC|  |TAMS 0x0000000603400000, 0x0000000603400000| Complete 
|  17|0x0000000603600000, 0x0000000603800000, 0x0000000603800000|100%|HC|  |TAMS 0x0000000603600000, 0x0000000603600000| Complete 
|  18|0x0000000603800000, 0x0000000603a00000, 0x0000000603a00000|100%|HC|  |TAMS 0x0000000603800000, 0x0000000603800000| Complete 
|  19|0x0000000603a00000, 0x0000000603c00000, 0x0000000603c00000|100%|HC|  |TAMS 0x0000000603a00000, 0x0000000603a00000| Complete 
|  20|0x0000000603c00000, 0x0000000603e00000, 0x0000000603e00000|100%|HC|  |TAMS 0x0000000603c00000, 0x0000000603c00000| Complete 
|  21|0x0000000603e00000, 0x0000000604000000, 0x0000000604000000|100%|HC|  |TAMS 0x0000000603e00000, 0x0000000603e00000| Complete 
|  22|0x0000000604000000, 0x0000000604200000, 0x0000000604200000|100%|HC|  |TAMS 0x0000000604000000, 0x0000000604000000| Complete 
|  23|0x0000000604200000, 0x0000000604400000, 0x0000000604400000|100%|HC|  |TAMS 0x0000000604200000, 0x0000000604200000| Complete 
|  24|0x0000000604400000, 0x0000000604600000, 0x0000000604600000|100%|HC|  |TAMS 0x0000000604400000, 0x0000000604400000| Complete 
|  25|0x0000000604600000, 0x0000000604800000, 0x0000000604800000|100%|HC|  |TAMS 0x0000000604600000, 0x0000000604600000| Complete 
|  26|0x0000000604800000, 0x0000000604a00000, 0x0000000604a00000|100%|HC|  |TAMS 0x0000000604800000, 0x0000000604800000| Complete 
|  27|0x0000000604a00000, 0x0000000604c00000, 0x0000000604c00000|100%|HC|  |TAMS 0x0000000604a00000, 0x0000000604a00000| Complete 
|  28|0x0000000604c00000, 0x0000000604e00000, 0x0000000604e00000|100%|HC|  |TAMS 0x0000000604c00000, 0x0000000604c00000| Complete 
|  29|0x0000000604e00000, 0x0000000605000000, 0x0000000605000000|100%|HC|  |TAMS 0x0000000604e00000, 0x0000000604e00000| Complete 
|  30|0x0000000605000000, 0x0000000605200000, 0x0000000605200000|100%|HC|  |TAMS 0x0000000605000000, 0x0000000605000000| Complete 
|  31|0x0000000605200000, 0x0000000605400000, 0x0000000605400000|100%|HC|  |TAMS 0x0000000605200000, 0x0000000605200000| Complete 
|  32|0x0000000605400000, 0x0000000605600000, 0x0000000605600000|100%|HC|  |TAMS 0x0000000605400000, 0x0000000605400000| Complete 
|  33|0x0000000605600000, 0x0000000605800000, 0x0000000605800000|100%|HC|  |TAMS 0x0000000605600000, 0x0000000605600000| Complete 
|  34|0x0000000605800000, 0x0000000605a00000, 0x0000000605a00000|100%|HC|  |TAMS 0x0000000605800000, 0x0000000605800000| Complete 
|  35|0x0000000605a00000, 0x0000000605c00000, 0x0000000605c00000|100%|HC|  |TAMS 0x0000000605a00000, 0x0000000605a00000| Complete 
|  36|0x0000000605c00000, 0x0000000605e00000, 0x0000000605e00000|100%|HC|  |TAMS 0x0000000605c00000, 0x0000000605c00000| Complete 
|  37|0x0000000605e00000, 0x0000000606000000, 0x0000000606000000|100%|HC|  |TAMS 0x0000000605e00000, 0x0000000605e00000| Complete 
|  38|0x0000000606000000, 0x0000000606200000, 0x0000000606200000|100%|HC|  |TAMS 0x0000000606000000, 0x0000000606000000| Complete 
|  39|0x0000000606200000, 0x0000000606400000, 0x0000000606400000|100%|HC|  |TAMS 0x0000000606200000, 0x0000000606200000| Complete 
|  40|0x0000000606400000, 0x0000000606600000, 0x0000000606600000|100%|HC|  |TAMS 0x0000000606400000, 0x0000000606400000| Complete 
|  41|0x0000000606600000, 0x0000000606800000, 0x0000000606800000|100%|HC|  |TAMS 0x0000000606600000, 0x0000000606600000| Complete 
|  42|0x0000000606800000, 0x0000000606a00000, 0x0000000606a00000|100%|HC|  |TAMS 0x0000000606800000, 0x0000000606800000| Complete 
|  43|0x0000000606a00000, 0x0000000606c00000, 0x0000000606c00000|100%|HC|  |TAMS 0x0000000606a00000, 0x0000000606a00000| Complete 
|  44|0x0000000606c00000, 0x0000000606e00000, 0x0000000606e00000|100%|HC|  |TAMS 0x0000000606c00000, 0x0000000606c00000| Complete 
|  45|0x0000000606e00000, 0x0000000607000000, 0x0000000607000000|100%|HC|  |TAMS 0x0000000606e00000, 0x0000000606e00000| Complete 
|  46|0x0000000607000000, 0x0000000607200000, 0x0000000607200000|100%|HC|  |TAMS 0x0000000607000000, 0x0000000607000000| Complete 
|  47|0x0000000607200000, 0x0000000607400000, 0x0000000607400000|100%|HC|  |TAMS 0x0000000607200000, 0x0000000607200000| Complete 
|  48|0x0000000607400000, 0x0000000607600000, 0x0000000607600000|100%|HC|  |TAMS 0x0000000607400000, 0x0000000607400000| Complete 
|  49|0x0000000607600000, 0x0000000607800000, 0x0000000607800000|100%|HC|  |TAMS 0x0000000607600000, 0x0000000607600000| Complete 
|  50|0x0000000607800000, 0x0000000607a00000, 0x0000000607a00000|100%|HC|  |TAMS 0x0000000607800000, 0x0000000607800000| Complete 
|  51|0x0000000607a00000, 0x0000000607c00000, 0x0000000607c00000|100%|HC|  |TAMS 0x0000000607a00000, 0x0000000607a00000| Complete 
|  52|0x0000000607c00000, 0x0000000607e00000, 0x0000000607e00000|100%|HC|  |TAMS 0x0000000607c00000, 0x0000000607c00000| Complete 
|  53|0x0000000607e00000, 0x0000000608000000, 0x0000000608000000|100%|HC|  |TAMS 0x0000000607e00000, 0x0000000607e00000| Complete 
|  54|0x0000000608000000, 0x0000000608200000, 0x0000000608200000|100%|HC|  |TAMS 0x0000000608000000, 0x0000000608000000| Complete 
|  55|0x0000000608200000, 0x0000000608400000, 0x0000000608400000|100%|HC|  |TAMS 0x0000000608200000, 0x0000000608200000| Complete 
|  56|0x0000000608400000, 0x0000000608600000, 0x0000000608600000|100%|HC|  |TAMS 0x0000000608400000, 0x0000000608400000| Complete 
|  57|0x0000000608600000, 0x0000000608800000, 0x0000000608800000|100%|HC|  |TAMS 0x0000000608600000, 0x0000000608600000| Complete 
|  58|0x0000000608800000, 0x0000000608a00000, 0x0000000608a00000|100%|HC|  |TAMS 0x0000000608800000, 0x0000000608800000| Complete 
|  59|0x0000000608a00000, 0x0000000608c00000, 0x0000000608c00000|100%|HC|  |TAMS 0x0000000608a00000, 0x0000000608a00000| Complete 
|  60|0x0000000608c00000, 0x0000000608e00000, 0x0000000608e00000|100%|HC|  |TAMS 0x0000000608c00000, 0x0000000608c00000| Complete 
|  61|0x0000000608e00000, 0x0000000609000000, 0x0000000609000000|100%|HC|  |TAMS 0x0000000608e00000, 0x0000000608e00000| Complete 
|  62|0x0000000609000000, 0x0000000609200000, 0x0000000609200000|100%|HC|  |TAMS 0x0000000609000000, 0x0000000609000000| Complete 
|  63|0x0000000609200000, 0x0000000609400000, 0x0000000609400000|100%|HC|  |TAMS 0x0000000609200000, 0x0000000609200000| Complete 
|  64|0x0000000609400000, 0x0000000609600000, 0x0000000609600000|100%|HC|  |TAMS 0x0000000609400000, 0x0000000609400000| Complete 
|  65|0x0000000609600000, 0x0000000609800000, 0x0000000609800000|100%|HC|  |TAMS 0x0000000609600000, 0x0000000609600000| Complete 
|  66|0x0000000609800000, 0x0000000609a00000, 0x0000000609a00000|100%|HC|  |TAMS 0x0000000609800000, 0x0000000609800000| Complete 
|  67|0x0000000609a00000, 0x0000000609c00000, 0x0000000609c00000|100%|HC|  |TAMS 0x0000000609a00000, 0x0000000609a00000| Complete 
|  68|0x0000000609c00000, 0x0000000609e00000, 0x0000000609e00000|100%|HC|  |TAMS 0x0000000609c00000, 0x0000000609c00000| Complete 
|  69|0x0000000609e00000, 0x000000060a000000, 0x000000060a000000|100%|HC|  |TAMS 0x0000000609e00000, 0x0000000609e00000| Complete 
|  70|0x000000060a000000, 0x000000060a200000, 0x000000060a200000|100%|HC|  |TAMS 0x000000060a000000, 0x000000060a000000| Complete 
|  71|0x000000060a200000, 0x000000060a400000, 0x000000060a400000|100%|HC|  |TAMS 0x000000060a200000, 0x000000060a200000| Complete 
|  72|0x000000060a400000, 0x000000060a600000, 0x000000060a600000|100%|HC|  |TAMS 0x000000060a400000, 0x000000060a400000| Complete 
|  73|0x000000060a600000, 0x000000060a800000, 0x000000060a800000|100%|HC|  |TAMS 0x000000060a600000, 0x000000060a600000| Complete 
|  74|0x000000060a800000, 0x000000060aa00000, 0x000000060aa00000|100%|HC|  |TAMS 0x000000060a800000, 0x000000060a800000| Complete 
|  75|0x000000060aa00000, 0x000000060ac00000, 0x000000060ac00000|100%|HC|  |TAMS 0x000000060aa00000, 0x000000060aa00000| Complete 
|  76|0x000000060ac00000, 0x000000060ae00000, 0x000000060ae00000|100%|HC|  |TAMS 0x000000060ac00000, 0x000000060ac00000| Complete 
|  77|0x000000060ae00000, 0x000000060b000000, 0x000000060b000000|100%|HC|  |TAMS 0x000000060ae00000, 0x000000060ae00000| Complete 
|  78|0x000000060b000000, 0x000000060b200000, 0x000000060b200000|100%|HC|  |TAMS 0x000000060b000000, 0x000000060b000000| Complete 
|  79|0x000000060b200000, 0x000000060b400000, 0x000000060b400000|100%|HC|  |TAMS 0x000000060b200000, 0x000000060b200000| Complete 
|  80|0x000000060b400000, 0x000000060b600000, 0x000000060b600000|100%|HC|  |TAMS 0x000000060b400000, 0x000000060b400000| Complete 
|  81|0x000000060b600000, 0x000000060b800000, 0x000000060b800000|100%|HC|  |TAMS 0x000000060b600000, 0x000000060b600000| Complete 
|  82|0x000000060b800000, 0x000000060ba00000, 0x000000060ba00000|100%|HC|  |TAMS 0x000000060b800000, 0x000000060b800000| Complete 
|  83|0x000000060ba00000, 0x000000060bc00000, 0x000000060bc00000|100%|HC|  |TAMS 0x000000060ba00000, 0x000000060ba00000| Complete 
|  84|0x000000060bc00000, 0x000000060be00000, 0x000000060be00000|100%|HC|  |TAMS 0x000000060bc00000, 0x000000060bc00000| Complete 
|  85|0x000000060be00000, 0x000000060c000000, 0x000000060c000000|100%|HC|  |TAMS 0x000000060be00000, 0x000000060be00000| Complete 
|  86|0x000000060c000000, 0x000000060c200000, 0x000000060c200000|100%|HC|  |TAMS 0x000000060c000000, 0x000000060c000000| Complete 
|  87|0x000000060c200000, 0x000000060c400000, 0x000000060c400000|100%|HC|  |TAMS 0x000000060c200000, 0x000000060c200000| Complete 
|  88|0x000000060c400000, 0x000000060c600000, 0x000000060c600000|100%|HC|  |TAMS 0x000000060c400000, 0x000000060c400000| Complete 
|  89|0x000000060c600000, 0x000000060c800000, 0x000000060c800000|100%|HC|  |TAMS 0x000000060c600000, 0x000000060c600000| Complete 
|  90|0x000000060c800000, 0x000000060ca00000, 0x000000060ca00000|100%|HC|  |TAMS 0x000000060c800000, 0x000000060c800000| Complete 
|  91|0x000000060ca00000, 0x000000060cc00000, 0x000000060cc00000|100%|HC|  |TAMS 0x000000060ca00000, 0x000000060ca00000| Complete 
|  92|0x000000060cc00000, 0x000000060ce00000, 0x000000060ce00000|100%|HC|  |TAMS 0x000000060cc00000, 0x000000060cc00000| Complete 
|  93|0x000000060ce00000, 0x000000060d000000, 0x000000060d000000|100%|HC|  |TAMS 0x000000060ce00000, 0x000000060ce00000| Complete 
|  94|0x000000060d000000, 0x000000060d200000, 0x000000060d200000|100%|HC|  |TAMS 0x000000060d000000, 0x000000060d000000| Complete 
|  95|0x000000060d200000, 0x000000060d400000, 0x000000060d400000|100%|HC|  |TAMS 0x000000060d200000, 0x000000060d200000| Complete 
|  96|0x000000060d400000, 0x000000060d600000, 0x000000060d600000|100%|HC|  |TAMS 0x000000060d400000, 0x000000060d400000| Complete 
|  97|0x000000060d600000, 0x000000060d800000, 0x000000060d800000|100%|HC|  |TAMS 0x000000060d600000, 0x000000060d600000| Complete 
|  98|0x000000060d800000, 0x000000060da00000, 0x000000060da00000|100%|HC|  |TAMS 0x000000060d800000, 0x000000060d800000| Complete 
|  99|0x000000060da00000, 0x000000060dc00000, 0x000000060dc00000|100%|HC|  |TAMS 0x000000060da00000, 0x000000060da00000| Complete 
| 100|0x000000060dc00000, 0x000000060de00000, 0x000000060de00000|100%|HC|  |TAMS 0x000000060dc00000, 0x000000060dc00000| Complete 
| 101|0x000000060de00000, 0x000000060e000000, 0x000000060e000000|100%|HC|  |TAMS 0x000000060de00000, 0x000000060de00000| Complete 
| 102|0x000000060e000000, 0x000000060e200000, 0x000000060e200000|100%|HC|  |TAMS 0x000000060e000000, 0x000000060e000000| Complete 
| 103|0x000000060e200000, 0x000000060e400000, 0x000000060e400000|100%|HC|  |TAMS 0x000000060e200000, 0x000000060e200000| Complete 
| 104|0x000000060e400000, 0x000000060e600000, 0x000000060e600000|100%|HC|  |TAMS 0x000000060e400000, 0x000000060e400000| Complete 
| 105|0x000000060e600000, 0x000000060e800000, 0x000000060e800000|100%|HC|  |TAMS 0x000000060e600000, 0x000000060e600000| Complete 
| 106|0x000000060e800000, 0x000000060ea00000, 0x000000060ea00000|100%|HC|  |TAMS 0x000000060e800000, 0x000000060e800000| Complete 
| 107|0x000000060ea00000, 0x000000060ec00000, 0x000000060ec00000|100%|HC|  |TAMS 0x000000060ea00000, 0x000000060ea00000| Complete 
| 108|0x000000060ec00000, 0x000000060ee00000, 0x000000060ee00000|100%|HC|  |TAMS 0x000000060ec00000, 0x000000060ec00000| Complete 
| 109|0x000000060ee00000, 0x000000060f000000, 0x000000060f000000|100%|HC|  |TAMS 0x000000060ee00000, 0x000000060ee00000| Complete 
| 110|0x000000060f000000, 0x000000060f200000, 0x000000060f200000|100%|HC|  |TAMS 0x000000060f000000, 0x000000060f000000| Complete 
| 111|0x000000060f200000, 0x000000060f400000, 0x000000060f400000|100%|HC|  |TAMS 0x000000060f200000, 0x000000060f200000| Complete 
| 112|0x000000060f400000, 0x000000060f600000, 0x000000060f600000|100%|HC|  |TAMS 0x000000060f400000, 0x000000060f400000| Complete 
| 113|0x000000060f600000, 0x000000060f800000, 0x000000060f800000|100%|HC|  |TAMS 0x000000060f600000, 0x000000060f600000| Complete 
| 114|0x000000060f800000, 0x000000060fa00000, 0x000000060fa00000|100%|HC|  |TAMS 0x000000060f800000, 0x000000060f800000| Complete 
| 115|0x000000060fa00000, 0x000000060fc00000, 0x000000060fc00000|100%|HC|  |TAMS 0x000000060fa00000, 0x000000060fa00000| Complete 
| 116|0x000000060fc00000, 0x000000060fe00000, 0x000000060fe00000|100%|HC|  |TAMS 0x000000060fc00000, 0x000000060fc00000| Complete 
| 117|0x000000060fe00000, 0x0000000610000000, 0x0000000610000000|100%|HC|  |TAMS 0x000000060fe00000, 0x000000060fe00000| Complete 
| 118|0x0000000610000000, 0x0000000610200000, 0x0000000610200000|100%|HC|  |TAMS 0x0000000610000000, 0x0000000610000000| Complete 
| 119|0x0000000610200000, 0x0000000610400000, 0x0000000610400000|100%|HC|  |TAMS 0x0000000610200000, 0x0000000610200000| Complete 
| 120|0x0000000610400000, 0x0000000610600000, 0x0000000610600000|100%|HC|  |TAMS 0x0000000610400000, 0x0000000610400000| Complete 
| 121|0x0000000610600000, 0x0000000610800000, 0x0000000610800000|100%|HC|  |TAMS 0x0000000610600000, 0x0000000610600000| Complete 
| 122|0x0000000610800000, 0x0000000610a00000, 0x0000000610a00000|100%|HC|  |TAMS 0x0000000610800000, 0x0000000610800000| Complete 
| 123|0x0000000610a00000, 0x0000000610c00000, 0x0000000610c00000|100%|HC|  |TAMS 0x0000000610a00000, 0x0000000610a00000| Complete 
| 124|0x0000000610c00000, 0x0000000610e00000, 0x0000000610e00000|100%|HC|  |TAMS 0x0000000610c00000, 0x0000000610c00000| Complete 
| 125|0x0000000610e00000, 0x0000000611000000, 0x0000000611000000|100%|HC|  |TAMS 0x0000000610e00000, 0x0000000610e00000| Complete 
| 126|0x0000000611000000, 0x0000000611200000, 0x0000000611200000|100%|HC|  |TAMS 0x0000000611000000, 0x0000000611000000| Complete 
| 127|0x0000000611200000, 0x0000000611400000, 0x0000000611400000|100%|HC|  |TAMS 0x0000000611200000, 0x0000000611200000| Complete 
| 128|0x0000000611400000, 0x0000000611600000, 0x0000000611600000|100%|HC|  |TAMS 0x0000000611400000, 0x0000000611400000| Complete 
| 129|0x0000000611600000, 0x0000000611600000, 0x0000000611800000|  0%| F|  |TAMS 0x0000000611600000, 0x0000000611600000| Untracked 
| 130|0x0000000611800000, 0x0000000611800000, 0x0000000611a00000|  0%| F|  |TAMS 0x0000000611800000, 0x0000000611800000| Untracked 
| 131|0x0000000611a00000, 0x0000000611a00000, 0x0000000611c00000|  0%| F|  |TAMS 0x0000000611a00000, 0x0000000611a00000| Untracked 
| 132|0x0000000611c00000, 0x0000000611c00000, 0x0000000611e00000|  0%| F|  |TAMS 0x0000000611c00000, 0x0000000611c00000| Untracked 
| 133|0x0000000611e00000, 0x0000000611e00000, 0x0000000612000000|  0%| F|  |TAMS 0x0000000611e00000, 0x0000000611e00000| Untracked 
| 134|0x0000000612000000, 0x0000000612000000, 0x0000000612200000|  0%| F|  |TAMS 0x0000000612000000, 0x0000000612000000| Untracked 
| 135|0x0000000612200000, 0x0000000612200000, 0x0000000612400000|  0%| F|  |TAMS 0x0000000612200000, 0x0000000612200000| Untracked 
| 136|0x0000000612400000, 0x0000000612400000, 0x0000000612600000|  0%| F|  |TAMS 0x0000000612400000, 0x0000000612400000| Untracked 
| 137|0x0000000612600000, 0x0000000612600000, 0x0000000612800000|  0%| F|  |TAMS 0x0000000612600000, 0x0000000612600000| Untracked 
| 138|0x0000000612800000, 0x0000000612800000, 0x0000000612a00000|  0%| F|  |TAMS 0x0000000612800000, 0x0000000612800000| Untracked 
| 139|0x0000000612a00000, 0x0000000612a00000, 0x0000000612c00000|  0%| F|  |TAMS 0x0000000612a00000, 0x0000000612a00000| Untracked 
| 140|0x0000000612c00000, 0x0000000612c00000, 0x0000000612e00000|  0%| F|  |TAMS 0x0000000612c00000, 0x0000000612c00000| Untracked 
| 141|0x0000000612e00000, 0x0000000612e00000, 0x0000000613000000|  0%| F|  |TAMS 0x0000000612e00000, 0x0000000612e00000| Untracked 
| 142|0x0000000613000000, 0x0000000613000000, 0x0000000613200000|  0%| F|  |TAMS 0x0000000613000000, 0x0000000613000000| Untracked 
| 143|0x0000000613200000, 0x0000000613200000, 0x0000000613400000|  0%| F|  |TAMS 0x0000000613200000, 0x0000000613200000| Untracked 
| 144|0x0000000613400000, 0x0000000613400000, 0x0000000613600000|  0%| F|  |TAMS 0x0000000613400000, 0x0000000613400000| Untracked 
| 145|0x0000000613600000, 0x0000000613600000, 0x0000000613800000|  0%| F|  |TAMS 0x0000000613600000, 0x0000000613600000| Untracked 
| 146|0x0000000613800000, 0x0000000613800000, 0x0000000613a00000|  0%| F|  |TAMS 0x0000000613800000, 0x0000000613800000| Untracked 
| 147|0x0000000613a00000, 0x0000000613a00000, 0x0000000613c00000|  0%| F|  |TAMS 0x0000000613a00000, 0x0000000613a00000| Untracked 
| 148|0x0000000613c00000, 0x0000000613c00000, 0x0000000613e00000|  0%| F|  |TAMS 0x0000000613c00000, 0x0000000613c00000| Untracked 
| 149|0x0000000613e00000, 0x0000000613e00000, 0x0000000614000000|  0%| F|  |TAMS 0x0000000613e00000, 0x0000000613e00000| Untracked 
| 150|0x0000000614000000, 0x0000000614000000, 0x0000000614200000|  0%| F|  |TAMS 0x0000000614000000, 0x0000000614000000| Untracked 
| 151|0x0000000614200000, 0x0000000614200000, 0x0000000614400000|  0%| F|  |TAMS 0x0000000614200000, 0x0000000614200000| Untracked 
| 152|0x0000000614400000, 0x0000000614400000, 0x0000000614600000|  0%| F|  |TAMS 0x0000000614400000, 0x0000000614400000| Untracked 
| 153|0x0000000614600000, 0x0000000614600000, 0x0000000614800000|  0%| F|  |TAMS 0x0000000614600000, 0x0000000614600000| Untracked 
| 154|0x0000000614800000, 0x0000000614800000, 0x0000000614a00000|  0%| F|  |TAMS 0x0000000614800000, 0x0000000614800000| Untracked 
| 155|0x0000000614a00000, 0x0000000614a00000, 0x0000000614c00000|  0%| F|  |TAMS 0x0000000614a00000, 0x0000000614a00000| Untracked 
| 156|0x0000000614c00000, 0x0000000614c00000, 0x0000000614e00000|  0%| F|  |TAMS 0x0000000614c00000, 0x0000000614c00000| Untracked 
| 157|0x0000000614e00000, 0x0000000614e00000, 0x0000000615000000|  0%| F|  |TAMS 0x0000000614e00000, 0x0000000614e00000| Untracked 
| 158|0x0000000615000000, 0x0000000615000000, 0x0000000615200000|  0%| F|  |TAMS 0x0000000615000000, 0x0000000615000000| Untracked 
| 159|0x0000000615200000, 0x0000000615200000, 0x0000000615400000|  0%| F|  |TAMS 0x0000000615200000, 0x0000000615200000| Untracked 
| 160|0x0000000615400000, 0x0000000615400000, 0x0000000615600000|  0%| F|  |TAMS 0x0000000615400000, 0x0000000615400000| Untracked 
| 161|0x0000000615600000, 0x0000000615600000, 0x0000000615800000|  0%| F|  |TAMS 0x0000000615600000, 0x0000000615600000| Untracked 
| 162|0x0000000615800000, 0x0000000615800000, 0x0000000615a00000|  0%| F|  |TAMS 0x0000000615800000, 0x0000000615800000| Untracked 
| 163|0x0000000615a00000, 0x0000000615a00000, 0x0000000615c00000|  0%| F|  |TAMS 0x0000000615a00000, 0x0000000615a00000| Untracked 
| 164|0x0000000615c00000, 0x0000000615c00000, 0x0000000615e00000|  0%| F|  |TAMS 0x0000000615c00000, 0x0000000615c00000| Untracked 
| 165|0x0000000615e00000, 0x0000000615e00000, 0x0000000616000000|  0%| F|  |TAMS 0x0000000615e00000, 0x0000000615e00000| Untracked 
| 166|0x0000000616000000, 0x0000000616000000, 0x0000000616200000|  0%| F|  |TAMS 0x0000000616000000, 0x0000000616000000| Untracked 
| 167|0x0000000616200000, 0x0000000616200000, 0x0000000616400000|  0%| F|  |TAMS 0x0000000616200000, 0x0000000616200000| Untracked 
| 168|0x0000000616400000, 0x0000000616400000, 0x0000000616600000|  0%| F|  |TAMS 0x0000000616400000, 0x0000000616400000| Untracked 
| 169|0x0000000616600000, 0x0000000616600000, 0x0000000616800000|  0%| F|  |TAMS 0x0000000616600000, 0x0000000616600000| Untracked 
| 170|0x0000000616800000, 0x0000000616800000, 0x0000000616a00000|  0%| F|  |TAMS 0x0000000616800000, 0x0000000616800000| Untracked 
| 171|0x0000000616a00000, 0x0000000616a00000, 0x0000000616c00000|  0%| F|  |TAMS 0x0000000616a00000, 0x0000000616a00000| Untracked 
| 172|0x0000000616c00000, 0x0000000616c00000, 0x0000000616e00000|  0%| F|  |TAMS 0x0000000616c00000, 0x0000000616c00000| Untracked 
| 173|0x0000000616e00000, 0x0000000616e00000, 0x0000000617000000|  0%| F|  |TAMS 0x0000000616e00000, 0x0000000616e00000| Untracked 
| 174|0x0000000617000000, 0x0000000617000000, 0x0000000617200000|  0%| F|  |TAMS 0x0000000617000000, 0x0000000617000000| Untracked 
| 175|0x0000000617200000, 0x0000000617200000, 0x0000000617400000|  0%| F|  |TAMS 0x0000000617200000, 0x0000000617200000| Untracked 
| 176|0x0000000617400000, 0x0000000617400000, 0x0000000617600000|  0%| F|  |TAMS 0x0000000617400000, 0x0000000617400000| Untracked 
| 177|0x0000000617600000, 0x0000000617600000, 0x0000000617800000|  0%| F|  |TAMS 0x0000000617600000, 0x0000000617600000| Untracked 
| 178|0x0000000617800000, 0x0000000617800000, 0x0000000617a00000|  0%| F|  |TAMS 0x0000000617800000, 0x0000000617800000| Untracked 
| 179|0x0000000617a00000, 0x0000000617a00000, 0x0000000617c00000|  0%| F|  |TAMS 0x0000000617a00000, 0x0000000617a00000| Untracked 
| 180|0x0000000617c00000, 0x0000000617c00000, 0x0000000617e00000|  0%| F|  |TAMS 0x0000000617c00000, 0x0000000617c00000| Untracked 
| 181|0x0000000617e00000, 0x0000000617e00000, 0x0000000618000000|  0%| F|  |TAMS 0x0000000617e00000, 0x0000000617e00000| Untracked 
| 182|0x0000000618000000, 0x0000000618000000, 0x0000000618200000|  0%| F|  |TAMS 0x0000000618000000, 0x0000000618000000| Untracked 
| 183|0x0000000618200000, 0x0000000618200000, 0x0000000618400000|  0%| F|  |TAMS 0x0000000618200000, 0x0000000618200000| Untracked 
| 184|0x0000000618400000, 0x0000000618400000, 0x0000000618600000|  0%| F|  |TAMS 0x0000000618400000, 0x0000000618400000| Untracked 
| 185|0x0000000618600000, 0x0000000618600000, 0x0000000618800000|  0%| F|  |TAMS 0x0000000618600000, 0x0000000618600000| Untracked 
| 186|0x0000000618800000, 0x0000000618800000, 0x0000000618a00000|  0%| F|  |TAMS 0x0000000618800000, 0x0000000618800000| Untracked 
| 187|0x0000000618a00000, 0x0000000618a00000, 0x0000000618c00000|  0%| F|  |TAMS 0x0000000618a00000, 0x0000000618a00000| Untracked 
| 188|0x0000000618c00000, 0x0000000618c00000, 0x0000000618e00000|  0%| F|  |TAMS 0x0000000618c00000, 0x0000000618c00000| Untracked 
| 189|0x0000000618e00000, 0x0000000618e00000, 0x0000000619000000|  0%| F|  |TAMS 0x0000000618e00000, 0x0000000618e00000| Untracked 
| 190|0x0000000619000000, 0x0000000619000000, 0x0000000619200000|  0%| F|  |TAMS 0x0000000619000000, 0x0000000619000000| Untracked 
| 191|0x0000000619200000, 0x0000000619200000, 0x0000000619400000|  0%| F|  |TAMS 0x0000000619200000, 0x0000000619200000| Untracked 
| 192|0x0000000619400000, 0x0000000619400000, 0x0000000619600000|  0%| F|  |TAMS 0x0000000619400000, 0x0000000619400000| Untracked 
| 193|0x0000000619600000, 0x0000000619600000, 0x0000000619800000|  0%| F|  |TAMS 0x0000000619600000, 0x0000000619600000| Untracked 
| 194|0x0000000619800000, 0x0000000619800000, 0x0000000619a00000|  0%| F|  |TAMS 0x0000000619800000, 0x0000000619800000| Untracked 
| 195|0x0000000619a00000, 0x0000000619a00000, 0x0000000619c00000|  0%| F|  |TAMS 0x0000000619a00000, 0x0000000619a00000| Untracked 
| 196|0x0000000619c00000, 0x0000000619c00000, 0x0000000619e00000|  0%| F|  |TAMS 0x0000000619c00000, 0x0000000619c00000| Untracked 
| 197|0x0000000619e00000, 0x0000000619e00000, 0x000000061a000000|  0%| F|  |TAMS 0x0000000619e00000, 0x0000000619e00000| Untracked 
| 198|0x000000061a000000, 0x000000061a000000, 0x000000061a200000|  0%| F|  |TAMS 0x000000061a000000, 0x000000061a000000| Untracked 
| 199|0x000000061a200000, 0x000000061a200000, 0x000000061a400000|  0%| F|  |TAMS 0x000000061a200000, 0x000000061a200000| Untracked 
| 200|0x000000061a400000, 0x000000061a400000, 0x000000061a600000|  0%| F|  |TAMS 0x000000061a400000, 0x000000061a400000| Untracked 
| 201|0x000000061a600000, 0x000000061a600000, 0x000000061a800000|  0%| F|  |TAMS 0x000000061a600000, 0x000000061a600000| Untracked 
| 202|0x000000061a800000, 0x000000061a800000, 0x000000061aa00000|  0%| F|  |TAMS 0x000000061a800000, 0x000000061a800000| Untracked 
| 203|0x000000061aa00000, 0x000000061aa00000, 0x000000061ac00000|  0%| F|  |TAMS 0x000000061aa00000, 0x000000061aa00000| Untracked 
| 204|0x000000061ac00000, 0x000000061ac00000, 0x000000061ae00000|  0%| F|  |TAMS 0x000000061ac00000, 0x000000061ac00000| Untracked 
| 205|0x000000061ae00000, 0x000000061ae00000, 0x000000061b000000|  0%| F|  |TAMS 0x000000061ae00000, 0x000000061ae00000| Untracked 
| 206|0x000000061b000000, 0x000000061b000000, 0x000000061b200000|  0%| F|  |TAMS 0x000000061b000000, 0x000000061b000000| Untracked 
| 207|0x000000061b200000, 0x000000061b200000, 0x000000061b400000|  0%| F|  |TAMS 0x000000061b200000, 0x000000061b200000| Untracked 
| 208|0x000000061b400000, 0x000000061b400000, 0x000000061b600000|  0%| F|  |TAMS 0x000000061b400000, 0x000000061b400000| Untracked 
| 209|0x000000061b600000, 0x000000061b600000, 0x000000061b800000|  0%| F|  |TAMS 0x000000061b600000, 0x000000061b600000| Untracked 
| 210|0x000000061b800000, 0x000000061b800000, 0x000000061ba00000|  0%| F|  |TAMS 0x000000061b800000, 0x000000061b800000| Untracked 
| 211|0x000000061ba00000, 0x000000061ba00000, 0x000000061bc00000|  0%| F|  |TAMS 0x000000061ba00000, 0x000000061ba00000| Untracked 
| 212|0x000000061bc00000, 0x000000061bc00000, 0x000000061be00000|  0%| F|  |TAMS 0x000000061bc00000, 0x000000061bc00000| Untracked 
| 213|0x000000061be00000, 0x000000061be00000, 0x000000061c000000|  0%| F|  |TAMS 0x000000061be00000, 0x000000061be00000| Untracked 
| 214|0x000000061c000000, 0x000000061c000000, 0x000000061c200000|  0%| F|  |TAMS 0x000000061c000000, 0x000000061c000000| Untracked 
| 215|0x000000061c200000, 0x000000061c200000, 0x000000061c400000|  0%| F|  |TAMS 0x000000061c200000, 0x000000061c200000| Untracked 
| 216|0x000000061c400000, 0x000000061c400000, 0x000000061c600000|  0%| F|  |TAMS 0x000000061c400000, 0x000000061c400000| Untracked 
| 217|0x000000061c600000, 0x000000061c600000, 0x000000061c800000|  0%| F|  |TAMS 0x000000061c600000, 0x000000061c600000| Untracked 
| 218|0x000000061c800000, 0x000000061c800000, 0x000000061ca00000|  0%| F|  |TAMS 0x000000061c800000, 0x000000061c800000| Untracked 
| 219|0x000000061ca00000, 0x000000061ca00000, 0x000000061cc00000|  0%| F|  |TAMS 0x000000061ca00000, 0x000000061ca00000| Untracked 
| 220|0x000000061cc00000, 0x000000061cc00000, 0x000000061ce00000|  0%| F|  |TAMS 0x000000061cc00000, 0x000000061cc00000| Untracked 
| 221|0x000000061ce00000, 0x000000061ce00000, 0x000000061d000000|  0%| F|  |TAMS 0x000000061ce00000, 0x000000061ce00000| Untracked 
| 222|0x000000061d000000, 0x000000061d000000, 0x000000061d200000|  0%| F|  |TAMS 0x000000061d000000, 0x000000061d000000| Untracked 
| 223|0x000000061d200000, 0x000000061d200000, 0x000000061d400000|  0%| F|  |TAMS 0x000000061d200000, 0x000000061d200000| Untracked 
| 224|0x000000061d400000, 0x000000061d400000, 0x000000061d600000|  0%| F|  |TAMS 0x000000061d400000, 0x000000061d400000| Untracked 
| 225|0x000000061d600000, 0x000000061d600000, 0x000000061d800000|  0%| F|  |TAMS 0x000000061d600000, 0x000000061d600000| Untracked 
| 226|0x000000061d800000, 0x000000061d800000, 0x000000061da00000|  0%| F|  |TAMS 0x000000061d800000, 0x000000061d800000| Untracked 
| 227|0x000000061da00000, 0x000000061da00000, 0x000000061dc00000|  0%| F|  |TAMS 0x000000061da00000, 0x000000061da00000| Untracked 
| 228|0x000000061dc00000, 0x000000061dc00000, 0x000000061de00000|  0%| F|  |TAMS 0x000000061dc00000, 0x000000061dc00000| Untracked 
| 229|0x000000061de00000, 0x000000061de00000, 0x000000061e000000|  0%| F|  |TAMS 0x000000061de00000, 0x000000061de00000| Untracked 
| 230|0x000000061e000000, 0x000000061e000000, 0x000000061e200000|  0%| F|  |TAMS 0x000000061e000000, 0x000000061e000000| Untracked 
| 231|0x000000061e200000, 0x000000061e200000, 0x000000061e400000|  0%| F|  |TAMS 0x000000061e200000, 0x000000061e200000| Untracked 
| 232|0x000000061e400000, 0x000000061e400000, 0x000000061e600000|  0%| F|  |TAMS 0x000000061e400000, 0x000000061e400000| Untracked 
| 233|0x000000061e600000, 0x000000061e600000, 0x000000061e800000|  0%| F|  |TAMS 0x000000061e600000, 0x000000061e600000| Untracked 
| 234|0x000000061e800000, 0x000000061e800000, 0x000000061ea00000|  0%| F|  |TAMS 0x000000061e800000, 0x000000061e800000| Untracked 
| 235|0x000000061ea00000, 0x000000061ea00000, 0x000000061ec00000|  0%| F|  |TAMS 0x000000061ea00000, 0x000000061ea00000| Untracked 
| 236|0x000000061ec00000, 0x000000061ec00000, 0x000000061ee00000|  0%| F|  |TAMS 0x000000061ec00000, 0x000000061ec00000| Untracked 
| 237|0x000000061ee00000, 0x000000061ee00000, 0x000000061f000000|  0%| F|  |TAMS 0x000000061ee00000, 0x000000061ee00000| Untracked 
| 238|0x000000061f000000, 0x000000061f000000, 0x000000061f200000|  0%| F|  |TAMS 0x000000061f000000, 0x000000061f000000| Untracked 
| 239|0x000000061f200000, 0x000000061f200000, 0x000000061f400000|  0%| F|  |TAMS 0x000000061f200000, 0x000000061f200000| Untracked 
| 240|0x000000061f400000, 0x000000061f400000, 0x000000061f600000|  0%| F|  |TAMS 0x000000061f400000, 0x000000061f400000| Untracked 
| 241|0x000000061f600000, 0x000000061f600000, 0x000000061f800000|  0%| F|  |TAMS 0x000000061f600000, 0x000000061f600000| Untracked 
| 242|0x000000061f800000, 0x000000061f800000, 0x000000061fa00000|  0%| F|  |TAMS 0x000000061f800000, 0x000000061f800000| Untracked 
| 243|0x000000061fa00000, 0x000000061fa00000, 0x000000061fc00000|  0%| F|  |TAMS 0x000000061fa00000, 0x000000061fa00000| Untracked 
| 244|0x000000061fc00000, 0x000000061fc00000, 0x000000061fe00000|  0%| F|  |TAMS 0x000000061fc00000, 0x000000061fc00000| Untracked 
| 245|0x000000061fe00000, 0x000000061fe00000, 0x0000000620000000|  0%| F|  |TAMS 0x000000061fe00000, 0x000000061fe00000| Untracked 
| 246|0x0000000620000000, 0x00000006201efd28, 0x0000000620200000| 96%| E|  |TAMS 0x0000000620000000, 0x0000000620000000| Complete 
| 247|0x0000000620200000, 0x0000000620400000, 0x0000000620400000|100%| E|CS|TAMS 0x0000000620200000, 0x0000000620200000| Complete 
| 248|0x0000000620400000, 0x0000000620600000, 0x0000000620600000|100%| E|CS|TAMS 0x0000000620400000, 0x0000000620400000| Complete 
| 249|0x0000000620600000, 0x0000000620800000, 0x0000000620800000|100%| E|CS|TAMS 0x0000000620600000, 0x0000000620600000| Complete 
| 250|0x0000000620800000, 0x0000000620962870, 0x0000000620a00000| 69%| S|CS|TAMS 0x0000000620800000, 0x0000000620800000| Complete 
| 251|0x0000000620a00000, 0x0000000620c00000, 0x0000000620c00000|100%| E|CS|TAMS 0x0000000620a00000, 0x0000000620a00000| Complete 
| 252|0x0000000620c00000, 0x0000000620e00000, 0x0000000620e00000|100%| E|CS|TAMS 0x0000000620c00000, 0x0000000620c00000| Complete 
| 253|0x0000000620e00000, 0x0000000621000000, 0x0000000621000000|100%| E|  |TAMS 0x0000000620e00000, 0x0000000620e00000| Complete 
| 254|0x0000000621000000, 0x0000000621200000, 0x0000000621200000|100%| E|CS|TAMS 0x0000000621000000, 0x0000000621000000| Complete 
| 255|0x0000000621200000, 0x0000000621400000, 0x0000000621400000|100%| E|CS|TAMS 0x0000000621200000, 0x0000000621200000| Complete 

Card table byte_map: [0x000001c5d7bd0000,0x000001c5d8bd0000] _byte_map_base: 0x000001c5d4bc6000

Marking Bits (Prev, Next): (CMBitMap*) 0x000001c5bd251ed8, (CMBitMap*) 0x000001c5bd251e98
 Prev Bits: [0x000001c5e1b80000, 0x000001c5e9b30000)
 Next Bits: [0x000001c5d9bd0000, 0x000001c5e1b80000)

Polling page: 0x000001c5bd2b0000

Metaspace:

Usage:
  Non-class:      6.10 MB capacity,     4.93 MB ( 81%) used,     1.15 MB ( 19%) free+waste,    18.63 KB ( <1%) overhead. 
      Class:    994.00 KB capacity,   859.67 KB ( 86%) used,   123.70 KB ( 12%) free+waste,    10.63 KB (  1%) overhead. 
       Both:      7.07 MB capacity,     5.77 MB ( 82%) used,     1.27 MB ( 18%) free+waste,    29.25 KB ( <1%) overhead. 

Virtual space:
  Non-class space:        8.00 MB reserved,       6.25 MB ( 78%) committed 
      Class space:        1.00 GB reserved,       1.00 MB ( <1%) committed 
             Both:        1.01 GB reserved,       7.25 MB ( <1%) committed 

Chunk freelists:
   Non-Class:  28.00 KB
       Class:  0 bytes
        Both:  28.00 KB

MaxMetaspaceSize: 17179869184.00 GB
CompressedClassSpaceSize: 1.00 GB

CodeHeap 'non-profiled nmethods': size=120000Kb used=445Kb max_used=445Kb free=119554Kb
 bounds [0x000001c5cec20000, 0x000001c5cee90000, 0x000001c5d6150000]
CodeHeap 'profiled nmethods': size=120000Kb used=1867Kb max_used=1867Kb free=118132Kb
 bounds [0x000001c5c76f0000, 0x000001c5c7960000, 0x000001c5cec20000]
CodeHeap 'non-nmethods': size=5760Kb used=1178Kb max_used=1215Kb free=4581Kb
 bounds [0x000001c5c7150000, 0x000001c5c73c0000, 0x000001c5c76f0000]
 total_blobs=1571 nmethods=1133 adapters=351
 compilation: enabled
              stopped_count=0, restarted_count=0
 full_count=0

Compilation events (20 events):
Event: 3.250 Thread 0x000001c5ecff3000 1128       3       jdk.internal.reflect.ConstantPool::getUTF8At (10 bytes)
Event: 3.250 Thread 0x000001c5ecff3000 nmethod 1128 0x000001c5c78c0390 code [0x000001c5c78c0540, 0x000001c5c78c0688]
Event: 3.250 Thread 0x000001c5ecff3000 1131   !   3       sun.reflect.annotation.AnnotationParser::parseAnnotations (37 bytes)
Event: 3.250 Thread 0x000001c5ecff3000 nmethod 1131 0x000001c5c78c0710 code [0x000001c5c78c08e0, 0x000001c5c78c0be8]
Event: 3.250 Thread 0x000001c5ecff3000 1132       3       jdk.internal.reflect.ClassFileAssembler::emitShort (24 bytes)
Event: 3.250 Thread 0x000001c5ecff3000 nmethod 1132 0x000001c5c78c0d90 code [0x000001c5c78c0f60, 0x000001c5c78c1298]
Event: 3.250 Thread 0x000001c5ecff3000 1130       3       java.lang.reflect.Constructor::newInstanceWithCaller (75 bytes)
Event: 3.251 Thread 0x000001c5ecff3000 nmethod 1130 0x000001c5c78c1410 code [0x000001c5c78c1600, 0x000001c5c78c1a48]
Event: 3.251 Thread 0x000001c5ecff3000 1133       3       java.lang.StringBuilder::<init> (6 bytes)
Event: 3.251 Thread 0x000001c5ecff3000 nmethod 1133 0x000001c5c78c1c10 code [0x000001c5c78c1dc0, 0x000001c5c78c1f08]
Event: 3.251 Thread 0x000001c5ecff3000 1134       3       java.lang.AbstractStringBuilder::<init> (63 bytes)
Event: 3.251 Thread 0x000001c5ecff3000 nmethod 1134 0x000001c5c78c1f90 code [0x000001c5c78c2180, 0x000001c5c78c2738]
Event: 3.251 Thread 0x000001c5ecff3000 1135       3       java.lang.StringBuilder::append (6 bytes)
Event: 3.251 Thread 0x000001c5ecff3000 nmethod 1135 0x000001c5c78c2910 code [0x000001c5c78c2ac0, 0x000001c5c78c2c88]
Event: 3.256 Thread 0x000001c5ecfee000 nmethod 1103 0x000001c5cec85890 code [0x000001c5cec85ac0, 0x000001c5cec867f8]
Event: 3.256 Thread 0x000001c5ecfee000  957       4       org.apache.bcel.Const::getAttributeName (6 bytes)
Event: 3.256 Thread 0x000001c5ecfee000 nmethod 957 0x000001c5cec86b90 code [0x000001c5cec86d20, 0x000001c5cec86d98]
Event: 3.256 Thread 0x000001c5ecfee000 1010       4       java.lang.invoke.MemberName::getReferenceKind (12 bytes)
Event: 3.256 Thread 0x000001c5ecfee000 nmethod 1010 0x000001c5cec86e90 code [0x000001c5cec87000, 0x000001c5cec87078]
Event: 3.259 Thread 0x000001c5ee0b4800 nmethod 962 0x000001c5cec87190 code [0x000001c5cec87a60, 0x000001c5cec8d6c8]

GC Heap History (2 events):
Event: 0.124 GC heap before
{Heap before GC invocations=0 (full 0):
 garbage-first heap   total 524288K, used 6144K [0x0000000601400000, 0x0000000800000000)
  region size 2048K, 5 young (10240K), 0 survivors (0K)
 Metaspace       used 1740K, capacity 4845K, committed 5120K, reserved 1056768K
  class space    used 192K, capacity 488K, committed 512K, reserved 1048576K
}
Event: 0.125 GC heap after
{Heap after GC invocations=1 (full 0):
 garbage-first heap   total 524288K, used 1418K [0x0000000601400000, 0x0000000800000000)
  region size 2048K, 1 young (2048K), 1 survivors (2048K)
 Metaspace       used 1740K, capacity 4845K, committed 5120K, reserved 1056768K
  class space    used 192K, capacity 488K, committed 512K, reserved 1048576K
}

Deoptimization events (20 events):
Event: 1.630 Thread 0x000001c5bd1cd000 DEOPT PACKING pc=0x000001c5cec2c464 sp=0x0000009f278fe8b0
Event: 1.630 Thread 0x000001c5bd1cd000 DEOPT UNPACKING pc=0x000001c5c719912f sp=0x0000009f278fe850 mode 2
Event: 3.132 Thread 0x000001c5bd1cd000 Uncommon trap: trap_request=0xffffffde fr.pc=0x000001c5cec2ce44 relative=0x0000000000000064
Event: 3.132 Thread 0x000001c5bd1cd000 Uncommon trap: reason=class_check action=maybe_recompile pc=0x000001c5cec2ce44 method=java.lang.Character.codePointAt(Ljava/lang/CharSequence;I)I @ 2 c2
Event: 3.132 Thread 0x000001c5bd1cd000 DEOPT PACKING pc=0x000001c5cec2ce44 sp=0x0000009f278ff0d0
Event: 3.132 Thread 0x000001c5bd1cd000 DEOPT UNPACKING pc=0x000001c5c719912f sp=0x0000009f278ff068 mode 2
Event: 3.132 Thread 0x000001c5bd1cd000 Uncommon trap: trap_request=0xffffffde fr.pc=0x000001c5cec2ce44 relative=0x0000000000000064
Event: 3.132 Thread 0x000001c5bd1cd000 Uncommon trap: reason=class_check action=maybe_recompile pc=0x000001c5cec2ce44 method=java.lang.Character.codePointAt(Ljava/lang/CharSequence;I)I @ 2 c2
Event: 3.132 Thread 0x000001c5bd1cd000 DEOPT PACKING pc=0x000001c5cec2ce44 sp=0x0000009f278ff040
Event: 3.132 Thread 0x000001c5bd1cd000 DEOPT UNPACKING pc=0x000001c5c719912f sp=0x0000009f278fefd8 mode 2
Event: 3.132 Thread 0x000001c5bd1cd000 Uncommon trap: trap_request=0xffffffde fr.pc=0x000001c5cec2ce44 relative=0x0000000000000064
Event: 3.132 Thread 0x000001c5bd1cd000 Uncommon trap: reason=class_check action=maybe_recompile pc=0x000001c5cec2ce44 method=java.lang.Character.codePointAt(Ljava/lang/CharSequence;I)I @ 2 c2
Event: 3.132 Thread 0x000001c5bd1cd000 DEOPT PACKING pc=0x000001c5cec2ce44 sp=0x0000009f278ff040
Event: 3.132 Thread 0x000001c5bd1cd000 DEOPT UNPACKING pc=0x000001c5c719912f sp=0x0000009f278fefd8 mode 2
Event: 3.132 Thread 0x000001c5bd1cd000 Uncommon trap: trap_request=0xffffffde fr.pc=0x000001c5cec2ce44 relative=0x0000000000000064
Event: 3.132 Thread 0x000001c5bd1cd000 Uncommon trap: reason=class_check action=maybe_recompile pc=0x000001c5cec2ce44 method=java.lang.Character.codePointAt(Ljava/lang/CharSequence;I)I @ 2 c2
Event: 3.132 Thread 0x000001c5bd1cd000 DEOPT PACKING pc=0x000001c5cec2ce44 sp=0x0000009f278febb0
Event: 3.132 Thread 0x000001c5bd1cd000 DEOPT UNPACKING pc=0x000001c5c719912f sp=0x0000009f278feb48 mode 2
Event: 3.184 Thread 0x000001c5bd1cd000 DEOPT PACKING pc=0x000001c5c77e59f4 sp=0x0000009f278f94e0
Event: 3.184 Thread 0x000001c5bd1cd000 DEOPT UNPACKING pc=0x000001c5c719964e sp=0x0000009f278f8950 mode 0

Classes unloaded (0 events):
No events

Classes redefined (0 events):
No events

Internal exceptions (16 events):
Event: 0.044 Thread 0x000001c5bd1cd000 Exception <a 'java/lang/NoSuchMethodError'{0x00000006212afe28}: 'int java.lang.invoke.DirectMethodHandle$Holder.invokeSpecial(java.lang.Object, java.lang.Object, java.lang.Object, java.lang.Object)'> (0x00000006212afe28) 
thrown [./open/src/hotspot/share/interpreter/linkResolver.cpp, line 766]
Event: 0.045 Thread 0x000001c5bd1cd000 Exception <a 'java/lang/NoSuchMethodError'{0x00000006212b7c68}: 'void java.lang.invoke.DirectMethodHandle$Holder.invokeVirtual(java.lang.Object, java.lang.Object)'> (0x00000006212b7c68) 
thrown [./open/src/hotspot/share/interpreter/linkResolver.cpp, line 766]
Event: 0.052 Thread 0x000001c5bd1cd000 Exception <a 'java/lang/NoSuchMethodError'{0x00000006212eaa08}: 'void java.lang.invoke.DirectMethodHandle$Holder.invokeSpecial(java.lang.Object, java.lang.Object, java.lang.Object, java.lang.Object)'> (0x00000006212eaa08) 
thrown [./open/src/hotspot/share/interpreter/linkResolver.cpp, line 766]
Event: 0.085 Thread 0x000001c5bd1cd000 Exception <a 'java/lang/NoSuchMethodError'{0x0000000620c39d98}: 'int java.lang.invoke.DirectMethodHandle$Holder.invokeSpecialIFC(java.lang.Object, java.lang.Object, int)'> (0x0000000620c39d98) 
thrown [./open/src/hotspot/share/interpreter/linkResolver.cpp, line 766]
Event: 0.094 Thread 0x000001c5bd1cd000 Exception <a 'java/lang/NoSuchMethodError'{0x0000000620cd3820}: 'void java.lang.invoke.DirectMethodHandle$Holder.invokeSpecial(java.lang.Object, java.lang.Object, java.lang.Object, java.lang.Object, java.lang.Object)'> (0x0000000620cd3820) 
thrown [./open/src/hotspot/share/interpreter/linkResolver.cpp, line 766]
Event: 0.095 Thread 0x000001c5bd1cd000 Exception <a 'java/lang/IncompatibleClassChangeError'{0x0000000620ce8098}: Found class java.lang.Object, but interface was expected> (0x0000000620ce8098) 
thrown [./open/src/hotspot/share/interpreter/linkResolver.cpp, line 832]
Event: 0.096 Thread 0x000001c5bd1cd000 Exception <a 'java/lang/NoSuchMethodError'{0x0000000620ceaa90}: 'void java.lang.invoke.DirectMethodHandle$Holder.invokeStatic(java.lang.Object, java.lang.Object, java.lang.Object, java.lang.Object)'> (0x0000000620ceaa90) 
thrown [./open/src/hotspot/share/interpreter/linkResolver.cpp, line 766]
Event: 0.119 Thread 0x000001c5edd1a800 Exception <a 'java/lang/ClassNotFoundException'{0x0000000620a8cf70}: jdk/net/ExtendedSocketOptions> (0x0000000620a8cf70) 
thrown [./open/src/hotspot/share/classfile/systemDictionary.cpp, line 226]
Event: 0.727 Thread 0x000001c5bd1cd000 Exception <a 'sun/nio/fs/WindowsException'{0x00000006212d94d0}> (0x00000006212d94d0) 
thrown [./open/src/hotspot/share/prims/jni.cpp, line 599]
Event: 0.737 Thread 0x000001c5bd1cd000 Exception <a 'java/lang/NoSuchMethodError'{0x00000006213cb1d8}: 'java.lang.Object java.lang.invoke.DirectMethodHandle$Holder.invokeStaticInit(java.lang.Object, int, int, int, int)'> (0x00000006213cb1d8) 
thrown [./open/src/hotspot/share/interpreter/linkResolver.cpp, line 766]
Event: 0.756 Thread 0x000001c5bd1cd000 Exception <a 'java/lang/NoSuchMethodError'{0x00000006213ff238}: 'java.lang.Object java.lang.invoke.DirectMethodHandle$Holder.invokeStaticInit(java.lang.Object, java.lang.Object, int, int, int, int)'> (0x00000006213ff238) 
thrown [./open/src/hotspot/share/interpreter/linkResolver.cpp, line 766]
Event: 0.759 Thread 0x000001c5bd1cd000 Exception <a 'sun/nio/fs/WindowsException'{0x0000000621009070}> (0x0000000621009070) 
thrown [./open/src/hotspot/share/prims/jni.cpp, line 599]
Event: 0.801 Thread 0x000001c5bd1cd000 Exception <a 'sun/nio/fs/WindowsException'{0x0000000621011be8}> (0x0000000621011be8) 
thrown [./open/src/hotspot/share/prims/jni.cpp, line 599]
Event: 1.425 Thread 0x000001c5bd1cd000 Exception <a 'sun/nio/fs/WindowsException'{0x000000062101a420}> (0x000000062101a420) 
thrown [./open/src/hotspot/share/prims/jni.cpp, line 599]
Event: 3.151 Thread 0x000001c5bd1cd000 Exception <a 'java/lang/NoSuchMethodError'{0x0000000620f50090}: 'int java.lang.invoke.DirectMethodHandle$Holder.invokeStaticInit(java.lang.Object, java.lang.Object, java.lang.Object)'> (0x0000000620f50090) 
thrown [./open/src/hotspot/share/interpreter/linkResolver.cpp, line 766]
Event: 3.155 Thread 0x000001c5bd1cd000 Exception <a 'sun/nio/fs/WindowsException'{0x0000000620f76600}> (0x0000000620f76600) 
thrown [./open/src/hotspot/share/prims/jni.cpp, line 599]

Events (20 events):
Event: 3.246 loading class jdk/internal/reflect/MethodAccessorGenerator$1
Event: 3.246 loading class jdk/internal/reflect/MethodAccessorGenerator$1 done
Event: 3.246 loading class jdk/internal/reflect/ClassDefiner
Event: 3.246 loading class jdk/internal/reflect/ClassDefiner done
Event: 3.246 loading class jdk/internal/reflect/ClassDefiner$1
Event: 3.246 loading class jdk/internal/reflect/ClassDefiner$1 done
Event: 3.246 loading class jdk/internal/reflect/BootstrapConstructorAccessorImpl
Event: 3.246 loading class jdk/internal/reflect/BootstrapConstructorAccessorImpl done
Event: 3.331 loading class java/util/Stack
Event: 3.331 loading class java/util/Stack done
Event: 3.332 Executing VM operation: HandshakeAllThreads
Event: 3.332 Executing VM operation: HandshakeAllThreads done
Event: 3.332 loading class java/util/Vector$Itr
Event: 3.332 loading class java/util/Vector$Itr done
Event: 3.431 loading class jdk/internal/reflect/UnsafeFieldAccessorFactory
Event: 3.431 loading class jdk/internal/reflect/UnsafeFieldAccessorFactory done
Event: 3.431 loading class jdk/internal/reflect/UnsafeQualifiedObjectFieldAccessorImpl
Event: 3.431 loading class jdk/internal/reflect/UnsafeQualifiedFieldAccessorImpl
Event: 3.431 loading class jdk/internal/reflect/UnsafeQualifiedFieldAccessorImpl done
Event: 3.431 loading class jdk/internal/reflect/UnsafeQualifiedObjectFieldAccessorImpl done


Dynamic libraries:
0x00007ff616b20000 - 0x00007ff616b2d000 	C:\Program Files\Java\jdk-14.0.2\bin\java.exe
0x00007ffc5a670000 - 0x00007ffc5a865000 	C:\WINDOWS\SYSTEM32\ntdll.dll
0x00007ffc59900000 - 0x00007ffc599be000 	C:\WINDOWS\System32\KERNEL32.DLL
0x00007ffc57ec0000 - 0x00007ffc58188000 	C:\WINDOWS\System32\KERNELBASE.dll
0x00007ffc58490000 - 0x00007ffc58590000 	C:\WINDOWS\System32\ucrtbase.dll
0x00007ffc49190000 - 0x00007ffc491a8000 	C:\Program Files\Java\jdk-14.0.2\bin\jli.dll
0x00007ffc53910000 - 0x00007ffc53925000 	C:\Program Files\Java\jdk-14.0.2\bin\VCRUNTIME140.dll
0x00007ffc59620000 - 0x00007ffc597c1000 	C:\WINDOWS\System32\USER32.dll
0x00007ffc58190000 - 0x00007ffc581b2000 	C:\WINDOWS\System32\win32u.dll
0x00007ffc45040000 - 0x00007ffc452da000 	C:\WINDOWS\WinSxS\amd64_microsoft.windows.common-controls_6595b64144ccf1df_6.0.19041.1110_none_60b5254171f9507e\COMCTL32.dll
0x00007ffc59d80000 - 0x00007ffc59dab000 	C:\WINDOWS\System32\GDI32.dll
0x00007ffc59440000 - 0x00007ffc594de000 	C:\WINDOWS\System32\msvcrt.dll
0x00007ffc58380000 - 0x00007ffc5848d000 	C:\WINDOWS\System32\gdi32full.dll
0x00007ffc58610000 - 0x00007ffc586ad000 	C:\WINDOWS\System32\msvcp_win.dll
0x00007ffc59ca0000 - 0x00007ffc59cd0000 	C:\WINDOWS\System32\IMM32.DLL
0x00007ffc490f0000 - 0x00007ffc4918b000 	C:\Program Files\Java\jdk-14.0.2\bin\msvcp140.dll
0x00007ffbbdbc0000 - 0x00007ffbbe6de000 	C:\Program Files\Java\jdk-14.0.2\bin\server\jvm.dll
0x00007ffc5a560000 - 0x00007ffc5a60e000 	C:\WINDOWS\System32\ADVAPI32.dll
0x00007ffc59cd0000 - 0x00007ffc59d6c000 	C:\WINDOWS\System32\sechost.dll
0x00007ffc599c0000 - 0x00007ffc59ae5000 	C:\WINDOWS\System32\RPCRT4.dll
0x00007ffc59d70000 - 0x00007ffc59d78000 	C:\WINDOWS\System32\PSAPI.DLL
0x00007ffc50710000 - 0x00007ffc5071a000 	C:\WINDOWS\SYSTEM32\VERSION.dll
0x00007ffc52900000 - 0x00007ffc52909000 	C:\WINDOWS\SYSTEM32\WSOCK32.dll
0x00007ffc46fe0000 - 0x00007ffc47007000 	C:\WINDOWS\SYSTEM32\WINMM.dll
0x00007ffc59bd0000 - 0x00007ffc59c3b000 	C:\WINDOWS\System32\WS2_32.dll
0x00007ffc56610000 - 0x00007ffc56622000 	C:\WINDOWS\SYSTEM32\kernel.appcore.dll
0x00007ffc55240000 - 0x00007ffc5524a000 	C:\Program Files\Java\jdk-14.0.2\bin\jimage.dll
0x00007ffc56260000 - 0x00007ffc56444000 	C:\WINDOWS\SYSTEM32\DBGHELP.DLL
0x00007ffc42790000 - 0x00007ffc427bc000 	C:\WINDOWS\SYSTEM32\dbgcore.DLL
0x00007ffc57e30000 - 0x00007ffc57eb2000 	C:\WINDOWS\System32\bcryptPrimitives.dll
0x00007ffc51300000 - 0x00007ffc5130e000 	C:\Program Files\Java\jdk-14.0.2\bin\instrument.dll
0x00007ffc490c0000 - 0x00007ffc490e5000 	C:\Program Files\Java\jdk-14.0.2\bin\java.dll
0x00007ffc490a0000 - 0x00007ffc490b6000 	C:\Program Files\Java\jdk-14.0.2\bin\zip.dll
0x00007ffc58a10000 - 0x00007ffc59154000 	C:\WINDOWS\System32\SHELL32.dll
0x00007ffc55ac0000 - 0x00007ffc56255000 	C:\WINDOWS\SYSTEM32\windows.storage.dll
0x00007ffc586b0000 - 0x00007ffc58a05000 	C:\WINDOWS\System32\combase.dll
0x00007ffc577d0000 - 0x00007ffc577fe000 	C:\WINDOWS\SYSTEM32\Wldp.dll
0x00007ffc59f20000 - 0x00007ffc59fcd000 	C:\WINDOWS\System32\SHCORE.dll
0x00007ffc595b0000 - 0x00007ffc59605000 	C:\WINDOWS\System32\shlwapi.dll
0x00007ffc57cc0000 - 0x00007ffc57cdf000 	C:\WINDOWS\SYSTEM32\profapi.dll
0x00007ffc49080000 - 0x00007ffc49099000 	C:\Program Files\Java\jdk-14.0.2\bin\net.dll
0x00007ffc51950000 - 0x00007ffc51a5c000 	C:\WINDOWS\SYSTEM32\WINHTTP.dll
0x00007ffc574e0000 - 0x00007ffc5754a000 	C:\WINDOWS\system32\mswsock.dll
0x00007ffc49060000 - 0x00007ffc49072000 	C:\Program Files\Java\jdk-14.0.2\bin\nio.dll
0x00007ffc48f50000 - 0x00007ffc48f6a000 	C:\Users\Alexp\AppData\Local\JetBrains\Toolbox\apps\IDEA-U\ch-0\213.5744.223\bin\breakgen64.dll
0x00007ffc576a0000 - 0x00007ffc576b8000 	C:\WINDOWS\SYSTEM32\CRYPTSP.dll
0x00007ffc56e00000 - 0x00007ffc56e34000 	C:\WINDOWS\system32\rsaenh.dll
0x00007ffc585e0000 - 0x00007ffc58607000 	C:\WINDOWS\System32\bcrypt.dll
0x00007ffc57c40000 - 0x00007ffc57c6e000 	C:\WINDOWS\SYSTEM32\USERENV.dll
0x00007ffc57690000 - 0x00007ffc5769c000 	C:\WINDOWS\SYSTEM32\CRYPTBASE.dll
0x00007ffc57190000 - 0x00007ffc571cb000 	C:\WINDOWS\SYSTEM32\IPHLPAPI.DLL
0x00007ffc59610000 - 0x00007ffc59618000 	C:\WINDOWS\System32\NSI.dll
0x00007ffc53480000 - 0x00007ffc53497000 	C:\WINDOWS\SYSTEM32\dhcpcsvc6.DLL
0x00007ffc532c0000 - 0x00007ffc532dd000 	C:\WINDOWS\SYSTEM32\dhcpcsvc.DLL
0x00007ffc571d0000 - 0x00007ffc5729b000 	C:\WINDOWS\SYSTEM32\DNSAPI.dll
0x0000000061440000 - 0x000000006156b000 	C:\Users\Alexp\AppData\Local\Temp\Aparapi9776377629705935999\libgcc_s_seh-1.dll
0x000000006fc40000 - 0x00000000714f5000 	C:\Users\Alexp\AppData\Local\Temp\Aparapi17334288222042562026\libstdc++-6.dll
0x0000000064500000 - 0x0000000064945000 	C:\Users\Alexp\AppData\Local\Temp\Aparapi3984142434374568874\libaparapi.dll
0x00007ffc48eb0000 - 0x00007ffc48f49000 	C:\WINDOWS\SYSTEM32\OpenCL.dll
0x00007ffc58590000 - 0x00007ffc585de000 	C:\WINDOWS\System32\CFGMGR32.dll
0x00007ffc597d0000 - 0x00007ffc598fa000 	C:\WINDOWS\System32\ole32.dll
0x00007ffc59e10000 - 0x00007ffc59eb9000 	C:\WINDOWS\System32\clbcatq.dll
0x00007ffbbc2d0000 - 0x00007ffbbd4fc000 	C:\WINDOWS\System32\DriverStore\FileRepository\nvmdi.inf_amd64_422d4a8d182d8330\nvopencl64.dll
0x00007ffc57960000 - 0x00007ffc57972000 	C:\WINDOWS\SYSTEM32\msasn1.dll
0x00007ffc50580000 - 0x00007ffc505b1000 	C:\WINDOWS\SYSTEM32\cryptnet.dll
0x00007ffc581c0000 - 0x00007ffc58316000 	C:\WINDOWS\System32\CRYPT32.dll
0x00007ffc505c0000 - 0x00007ffc5070a000 	C:\WINDOWS\SYSTEM32\drvstore.dll
0x00007ffc57b20000 - 0x00007ffc57b54000 	C:\WINDOWS\SYSTEM32\devobj.dll
0x00007ffc4bc20000 - 0x00007ffc4c381000 	C:\WINDOWS\SYSTEM32\nvapi64.dll
0x00007ffc5a0e0000 - 0x00007ffc5a552000 	C:\WINDOWS\System32\SETUPAPI.dll
0x00007ffc304a0000 - 0x00007ffc30725000 	C:\Program Files (x86)\Common Files\Intel\Shared Libraries\intel64\intelocl64.dll
0x00007ffc23cd0000 - 0x00007ffc23d77000 	C:\Program Files (x86)\Common Files\Intel\Shared Libraries\intel64\task_executor64.dll
0x00007ffc22c40000 - 0x00007ffc22d44000 	C:\Program Files (x86)\Common Files\Intel\Shared Libraries\intel64\cpu_device64.dll
0x00007ffbb96b0000 - 0x00007ffbbc2c8000 	C:\WINDOWS\System32\DriverStore\FileRepository\nvmdi.inf_amd64_422d4a8d182d8330\nvcompiler64.dll
0x00007ffbb8e00000 - 0x00007ffbb96a5000 	C:\WINDOWS\System32\DriverStore\FileRepository\nvmdi.inf_amd64_422d4a8d182d8330\nvptxJitCompiler64.dll

dbghelp: loaded successfully - version: 4.0.5 - missing functions: none
symbol engine: initialized successfully - sym options: 0x614 - pdb path: .;C:\Program Files\Java\jdk-14.0.2\bin;C:\WINDOWS\SYSTEM32;C:\WINDOWS\WinSxS\amd64_microsoft.windows.common-controls_6595b64144ccf1df_6.0.19041.1110_none_60b5254171f9507e;C:\Program Files\Java\jdk-14.0.2\bin\server;C:\Users\Alexp\AppData\Local\JetBrains\Toolbox\apps\IDEA-U\ch-0\213.5744.223\bin;C:\Users\Alexp\AppData\Local\Temp\Aparapi9776377629705935999;C:\Users\Alexp\AppData\Local\Temp\Aparapi17334288222042562026;C:\Users\Alexp\AppData\Local\Temp\Aparapi3984142434374568874;C:\WINDOWS\System32\DriverStore\FileRepository\nvmdi.inf_amd64_422d4a8d182d8330;C:\Program Files (x86)\Common Files\Intel\Shared Libraries\intel64

VM Arguments:
jvm_args: -javaagent:C:\Users\Alexp\AppData\Local\JetBrains\Toolbox\apps\IDEA-U\ch-0\213.5744.223\lib\idea_rt.jar=50261:C:\Users\Alexp\AppData\Local\JetBrains\Toolbox\apps\IDEA-U\ch-0\213.5744.223\bin -Dfile.encoding=UTF-8 --module-path=C:\Users\Alexp\IdeaProjects\demo\KAO\target\classes;C:\Users\Alexp\.m2\repository\org\openjfx\javafx-base\14.0.2.1\javafx-base-14.0.2.1-win.jar;C:\Users\Alexp\.m2\repository\org\controlsfx\controlsfx\11.1.0\controlsfx-11.1.0.jar;C:\Users\Alexp\.m2\repository\org\openjfx\javafx-controls\14.0.2.1\javafx-controls-14.0.2.1-win.jar;C:\Users\Alexp\.m2\repository\org\openjfx\javafx-graphics\14.0.2.1\javafx-graphics-14.0.2.1-win.jar;C:\Users\Alexp\.m2\repository\com\dlsc\formsfx\formsfx-core\11.3.2\formsfx-core-11.3.2.jar;C:\Users\Alexp\.m2\repository\org\openjfx\javafx-fxml\14.0.2.1\javafx-fxml-14.0.2.1-win.jar;C:\Users\Alexp\.m2\repository\com\aparapi\aparapi\3.0.0\aparapi-3.0.0.jar;C:\Users\Alexp\.m2\repository\org\kordamp\bootstrapfx\bootstrapfx-core\0.4.0\bootstrapfx-core-0.4.0.jar -Djdk.module.main=kao.rgbhistogramm 
java_command: kao.rgbhistogramm/kao.matrixvektormultiplikation.MatrixVektor
java_class_path (initial): C:\Users\Alexp\.m2\repository\org\openjfx\javafx-controls\14.0.2.1\javafx-controls-14.0.2.1.jar;C:\Users\Alexp\.m2\repository\org\openjfx\javafx-graphics\14.0.2.1\javafx-graphics-14.0.2.1.jar;C:\Users\Alexp\.m2\repository\org\openjfx\javafx-base\14.0.2.1\javafx-base-14.0.2.1.jar;C:\Users\Alexp\.m2\repository\org\openjfx\javafx-fxml\14.0.2.1\javafx-fxml-14.0.2.1.jar;C:\Users\Alexp\.m2\repository\com\aparapi\aparapi-jni\1.4.3\aparapi-jni-1.4.3.jar;C:\Users\Alexp\.m2\repository\org\apache\bcel\bcel\6.5.0\bcel-6.5.0.jar;C:\Users\Alexp\.m2\repository\org\scala-lang\scala-library\2.13.6\scala-library-2.13.6.jar
Launcher Type: SUN_STANDARD

[Global flags]
     intx CICompilerCount                          = 4                                         {product} {ergonomic}
     uint ConcGCThreads                            = 2                                         {product} {ergonomic}
     uint G1ConcRefinementThreads                  = 8                                         {product} {ergonomic}
   size_t G1HeapRegionSize                         = 2097152                                   {product} {ergonomic}
    uintx GCDrainStackTargetSize                   = 64                                        {product} {ergonomic}
   size_t InitialHeapSize                          = 536870912                                 {product} {ergonomic}
   size_t MarkStackSize                            = 4194304                                   {product} {ergonomic}
   size_t MaxHeapSize                              = 8568963072                                {product} {ergonomic}
   size_t MaxNewSize                               = 5140119552                                {product} {ergonomic}
   size_t MinHeapDeltaBytes                        = 2097152                                   {product} {ergonomic}
   size_t MinHeapSize                              = 8388608                                   {product} {ergonomic}
    uintx NonNMethodCodeHeapSize                   = 5839372                                {pd product} {ergonomic}
    uintx NonProfiledCodeHeapSize                  = 122909434                              {pd product} {ergonomic}
    uintx ProfiledCodeHeapSize                     = 122909434                              {pd product} {ergonomic}
    uintx ReservedCodeCacheSize                    = 251658240                              {pd product} {ergonomic}
     bool SegmentedCodeCache                       = true                                      {product} {ergonomic}
   size_t SoftMaxHeapSize                          = 8568963072                             {manageable} {ergonomic}
     bool UseCompressedClassPointers               = true                                 {lp64_product} {ergonomic}
     bool UseCompressedOops                        = true                                 {lp64_product} {ergonomic}
     bool UseG1GC                                  = true                                      {product} {ergonomic}
     bool UseLargePagesIndividualAllocation        = false                                  {pd product} {ergonomic}

Logging:
Log output configuration:
 #0: stdout all=warning uptime,level,tags
 #1: stderr all=off uptime,level,tags

Environment Variables:
JAVA_HOME=C:\Program Files\Java\
PATH=C:\Program Files (x86)\Common Files\Intel\Shared Libraries\ia32;C:\Program Files (x86)\Common Files\Intel\Shared Libraries\intel64;C:\Program Files (x86)\Common Files\Intel\Shared Libraries\;C:\Program Files (x86)\Common Files\Oracle\Java\javapath;C:\Program Files\ImageMagick-7.0.10-Q16-HDRI;C:\Windows\system32;C:\Windows;C:\Windows\System32\Wbem;C:\Windows\System32\WindowsPowerShell\v1.0\;C:\Windows\System32\OpenSSH\;C:\Program Files\NVIDIA Corporation\NVIDIA NvDLISR;C:\Program Files (x86)\NVIDIA Corporation\PhysX\Common;C:\Program Files\MATLAB\R2020a\bin;C:\Program Files\dotnet\;C:\Program Files(x86)\osmosis\bin\;C:\Program Files (x86)\HP\Common\HPDestPlgIn\;C:\Program Files (x86)\HP\IdrsOCR_15.2.10.1114\;C:\WINDOWS\system32;C:\WINDOWS;C:\WINDOWS\System32\Wbem;C:\WINDOWS\System32\WindowsPowerShell\v1.0\;C:\WINDOWS\System32\OpenSSH\;C:\OpenCV\Build\x64\vc15\\bin;C:\Program Files (x86)\Windows Kits\10\Windows Performance Toolkit\;C:\Program Files\Java\\javafx-sdk-11.0.2\bin;C:\Program Files\Java\\jdk-14.0.2\bin;C:\Program Files\Java\\jre1.8.0_261\bin;C:\msys64\mingw64\bin;C:\Program Files\Git\cmd;C:\HashiCorp\Vagrant\bin;C:\Program Files\Docker\Docker\resources\bin;C:\ProgramData\DockerDesktop\version-bin;C:\Users\Alexp\AppData\Local\Microsoft\WindowsApps;C:\Program Files (x86)\HP\Common\HPDestPlgIn\;;D:\Microsoft VS Code\bin;C:\texlive\2020\bin\win32;C:\Program Files\JetBrains\CLion 2021.2.3\bin;
USERNAME=Alexp
OS=Windows_NT
PROCESSOR_IDENTIFIER=Intel64 Family 6 Model 158 Stepping 13, GenuineIntel



---------------  S Y S T E M  ---------------

OS: Windows 10 , 64 bit Build 19041 (10.0.19041.1466)
OS uptime: 0 days 1:30 hours
HyperV virtualization detected

CPU:total 8 (initial active 8) (8 cores per cpu, 1 threads per core) family 6 model 158 stepping 13, cmov, cx8, fxsr, mmx, sse, sse2, sse3, ssse3, sse4.1, sse4.2, popcnt, avx, avx2, aes, clmul, erms, rtm, 3dnowpref, lzcnt, tsc, tscinvbit, bmi1, bmi2, adx, fma

Memory: 4k page, system-wide physical 32686M (20780M free)
TotalPageFile size 37550M (AvailPageFile size 21051M)
current process WorkingSet (physical memory assigned to process): 441M, peak: 453M
current process commit charge ("private bytes"): 1089M, peak: 1089M

vm_info: OpenJDK 64-Bit Server VM (14.0.2+12-46) for windows-amd64 JRE (14.0.2+12-46), built on Jul  9 2020 00:31:16 by "mach5one" with MS VC++ 15.9 (VS2017)

END.
